<?xml version="1.0" encoding="UTF-8"?>
<!-- Generated by org.testng.reporters.JUnitXMLReporter -->
<testsuite hostname="DESKTOP-I13U05B" ignored="0" name="Default test" tests="4" failures="0" timestamp="2020-10-07T10:29:35 EDT" time="2.905" errors="0">
  <testcase name="Setup" time="1.612" classname="StepDefinition.RentalCarTC"/>
  <testcase name="PrintBlueTesla" time="0.498" classname="StepDefinition.RentalCarTC"/>
  <testcase name="LowestPerDayRent" time="0.299" classname="StepDefinition.RentalCarTC"/>
  <testcase name="HighestRevenueCar" time="0.458" classname="StepDefinition.RentalCarTC"/>
</testsuite> <!-- Default test -->
