<?xml version="1.0" encoding="UTF-8"?>
<!-- Generated by org.testng.reporters.JUnitXMLReporter -->
<testsuite hostname="DESKTOP-I13U05B" ignored="0" name="Test" tests="4" failures="0" timestamp="2020-10-07T10:32:12 EDT" time="3.198" errors="0">
  <testcase name="Setup" time="1.783" classname="StepDefinition.RentalCarTC"/>
  <testcase name="PrintBlueTesla" time="0.591" classname="StepDefinition.RentalCarTC"/>
  <testcase name="LowestPerDayRent" time="0.288" classname="StepDefinition.RentalCarTC"/>
  <testcase name="HighestRevenueCar" time="0.483" classname="StepDefinition.RentalCarTC"/>
</testsuite> <!-- Test -->
